{"C:\\Users\\User\\Desktop\\DECI_Projects\\moussa\\Deci_project L4 S2\\app.js": {"path":"C:\\Users\\User\\Desktop\\DECI_Projects\\moussa\\Deci_project L4 S2\\app.js","statementMap":{"0":{"start":{"line":1,"column":16},"end":{"line":1,"column":34}},"1":{"start":{"line":2,"column":15},"end":{"line":2,"column":32}},"2":{"start":{"line":3,"column":13},"end":{"line":3,"column":28}},"3":{"start":{"line":4,"column":19},"end":{"line":4,"column":39}},"4":{"start":{"line":5,"column":12},"end":{"line":5,"column":35}},"5":{"start":{"line":7,"column":12},"end":{"line":7,"column":21}},"6":{"start":{"line":8,"column":0},"end":{"line":8,"column":16}},"7":{"start":{"line":10,"column":13},"end":{"line":10,"column":29}},"8":{"start":{"line":11,"column":13},"end":{"line":11,"column":30}},"9":{"start":{"line":12,"column":18},"end":{"line":12,"column":41}},"10":{"start":{"line":13,"column":20},"end":{"line":13,"column":51}},"11":{"start":{"line":14,"column":19},"end":{"line":14,"column":49}},"12":{"start":{"line":15,"column":23},"end":{"line":15,"column":57}},"13":{"start":{"line":16,"column":22},"end":{"line":16,"column":55}},"14":{"start":{"line":17,"column":20},"end":{"line":17,"column":51}},"15":{"start":{"line":18,"column":21},"end":{"line":18,"column":53}},"16":{"start":{"line":21,"column":0},"end":{"line":21,"column":24}},"17":{"start":{"line":22,"column":0},"end":{"line":22,"column":48}},"18":{"start":{"line":24,"column":0},"end":{"line":24,"column":29}},"19":{"start":{"line":25,"column":0},"end":{"line":25,"column":32}},"20":{"start":{"line":26,"column":0},"end":{"line":26,"column":37}},"21":{"start":{"line":27,"column":0},"end":{"line":27,"column":36}},"22":{"start":{"line":28,"column":0},"end":{"line":28,"column":31}},"23":{"start":{"line":29,"column":0},"end":{"line":29,"column":33}},"24":{"start":{"line":31,"column":15},"end":{"line":31,"column":37}},"25":{"start":{"line":32,"column":11},"end":{"line":37,"column":2}},"26":{"start":{"line":39,"column":0},"end":{"line":39,"column":18}},"27":{"start":{"line":41,"column":27},"end":{"line":53,"column":1}},"28":{"start":{"line":42,"column":21},"end":{"line":42,"column":59}},"29":{"start":{"line":43,"column":2},"end":{"line":45,"column":3}},"30":{"start":{"line":44,"column":4},"end":{"line":44,"column":16}},"31":{"start":{"line":47,"column":16},"end":{"line":47,"column":40}},"32":{"start":{"line":48,"column":2},"end":{"line":52,"column":3}},"33":{"start":{"line":49,"column":4},"end":{"line":49,"column":53}},"34":{"start":{"line":51,"column":4},"end":{"line":51,"column":16}},"35":{"start":{"line":55,"column":0},"end":{"line":74,"column":3}},"36":{"start":{"line":56,"column":15},"end":{"line":56,"column":41}},"37":{"start":{"line":57,"column":2},"end":{"line":57,"column":46}},"38":{"start":{"line":59,"column":2},"end":{"line":63,"column":5}},"39":{"start":{"line":60,"column":4},"end":{"line":60,"column":34}},"40":{"start":{"line":60,"column":27},"end":{"line":60,"column":34}},"41":{"start":{"line":61,"column":4},"end":{"line":61,"column":36}},"42":{"start":{"line":62,"column":4},"end":{"line":62,"column":68}},"43":{"start":{"line":65,"column":2},"end":{"line":69,"column":5}},"44":{"start":{"line":66,"column":4},"end":{"line":66,"column":25}},"45":{"start":{"line":66,"column":18},"end":{"line":66,"column":25}},"46":{"start":{"line":67,"column":4},"end":{"line":67,"column":37}},"47":{"start":{"line":68,"column":4},"end":{"line":68,"column":66}},"48":{"start":{"line":71,"column":2},"end":{"line":73,"column":5}},"49":{"start":{"line":72,"column":4},"end":{"line":72,"column":51}},"50":{"start":{"line":76,"column":20},"end":{"line":88,"column":1}},"51":{"start":{"line":77,"column":2},"end":{"line":87,"column":3}},"52":{"start":{"line":78,"column":4},"end":{"line":78,"column":22}},"53":{"start":{"line":79,"column":4},"end":{"line":79,"column":17}},"54":{"start":{"line":80,"column":4},"end":{"line":82,"column":7}},"55":{"start":{"line":81,"column":6},"end":{"line":81,"column":54}},"56":{"start":{"line":85,"column":4},"end":{"line":85,"column":39}},"57":{"start":{"line":86,"column":4},"end":{"line":86,"column":21}},"58":{"start":{"line":89,"column":2},"end":{"line":89,"column":16}},"59":{"start":{"line":90,"column":2},"end":{"line":90,"column":23}}},"fnMap":{"0":{"name":"(anonymous_0)","decl":{"start":{"line":41,"column":27},"end":{"line":41,"column":28}},"loc":{"start":{"line":41,"column":39},"end":{"line":53,"column":1}},"line":41},"1":{"name":"(anonymous_1)","decl":{"start":{"line":55,"column":20},"end":{"line":55,"column":21}},"loc":{"start":{"line":55,"column":32},"end":{"line":74,"column":1}},"line":55},"2":{"name":"(anonymous_2)","decl":{"start":{"line":59,"column":24},"end":{"line":59,"column":25}},"loc":{"start":{"line":59,"column":41},"end":{"line":63,"column":3}},"line":59},"3":{"name":"(anonymous_3)","decl":{"start":{"line":65,"column":25},"end":{"line":65,"column":26}},"loc":{"start":{"line":65,"column":42},"end":{"line":69,"column":3}},"line":65},"4":{"name":"(anonymous_4)","decl":{"start":{"line":71,"column":26},"end":{"line":71,"column":27}},"loc":{"start":{"line":71,"column":32},"end":{"line":73,"column":3}},"line":71},"5":{"name":"(anonymous_5)","decl":{"start":{"line":76,"column":20},"end":{"line":76,"column":21}},"loc":{"start":{"line":76,"column":32},"end":{"line":88,"column":1}},"line":76},"6":{"name":"(anonymous_6)","decl":{"start":{"line":80,"column":33},"end":{"line":80,"column":34}},"loc":{"start":{"line":80,"column":39},"end":{"line":82,"column":5}},"line":80}},"branchMap":{"0":{"loc":{"start":{"line":43,"column":2},"end":{"line":45,"column":3}},"type":"if","locations":[{"start":{"line":43,"column":2},"end":{"line":45,"column":3}},{"start":{},"end":{}}],"line":43},"1":{"loc":{"start":{"line":43,"column":6},"end":{"line":43,"column":54}},"type":"binary-expr","locations":[{"start":{"line":43,"column":6},"end":{"line":43,"column":17}},{"start":{"line":43,"column":21},"end":{"line":43,"column":54}}],"line":43},"2":{"loc":{"start":{"line":60,"column":4},"end":{"line":60,"column":34}},"type":"if","locations":[{"start":{"line":60,"column":4},"end":{"line":60,"column":34}},{"start":{},"end":{}}],"line":60},"3":{"loc":{"start":{"line":60,"column":8},"end":{"line":60,"column":25}},"type":"binary-expr","locations":[{"start":{"line":60,"column":8},"end":{"line":60,"column":13}},{"start":{"line":60,"column":17},"end":{"line":60,"column":25}}],"line":60},"4":{"loc":{"start":{"line":66,"column":4},"end":{"line":66,"column":25}},"type":"if","locations":[{"start":{"line":66,"column":4},"end":{"line":66,"column":25}},{"start":{},"end":{}}],"line":66}},"s":{"0":2,"1":2,"2":2,"3":2,"4":2,"5":2,"6":2,"7":2,"8":2,"9":2,"10":2,"11":2,"12":2,"13":2,"14":2,"15":2,"16":2,"17":2,"18":2,"19":2,"20":2,"21":2,"22":2,"23":2,"24":2,"25":2,"26":2,"27":2,"28":0,"29":0,"30":0,"31":0,"32":0,"33":0,"34":0,"35":2,"36":0,"37":0,"38":0,"39":0,"40":0,"41":0,"42":0,"43":0,"44":0,"45":0,"46":0,"47":0,"48":0,"49":0,"50":2,"51":2,"52":2,"53":2,"54":2,"55":0,"56":2,"57":2,"58":2,"59":2},"f":{"0":0,"1":0,"2":0,"3":0,"4":0,"5":2,"6":0},"b":{"0":[0,0],"1":[0,0],"2":[0,0],"3":[0,0],"4":[0,0]},"_coverageSchema":"1a1c01bbd47fc00a2c39e90264f33305004495a9","hash":"41d934951fd72ee0d1e173ad41d769bb35edcab8"}
,"C:\\Users\\User\\Desktop\\DECI_Projects\\moussa\\Deci_project L4 S2\\seed.js": {"path":"C:\\Users\\User\\Desktop\\DECI_Projects\\moussa\\Deci_project L4 S2\\seed.js","statementMap":{"0":{"start":{"line":1,"column":17},"end":{"line":1,"column":51}},"1":{"start":{"line":2,"column":14},"end":{"line":2,"column":46}},"2":{"start":{"line":3,"column":17},"end":{"line":3,"column":36}},"3":{"start":{"line":7,"column":4},"end":{"line":7,"column":29}},"4":{"start":{"line":8,"column":8},"end":{"line":8,"column":36}},"5":{"start":{"line":10,"column":25},"end":{"line":13,"column":10}},"6":{"start":{"line":14,"column":24},"end":{"line":17,"column":10}},"7":{"start":{"line":18,"column":26},"end":{"line":21,"column":10}},"8":{"start":{"line":22,"column":8},"end":{"line":77,"column":15}},"9":{"start":{"line":79,"column":0},"end":{"line":79,"column":21}}},"fnMap":{"0":{"name":"seed","decl":{"start":{"line":6,"column":15},"end":{"line":6,"column":19}},"loc":{"start":{"line":6,"column":22},"end":{"line":78,"column":1}},"line":6}},"branchMap":{},"s":{"0":2,"1":2,"2":2,"3":2,"4":2,"5":2,"6":2,"7":2,"8":2,"9":2},"f":{"0":2},"b":{},"_coverageSchema":"1a1c01bbd47fc00a2c39e90264f33305004495a9","hash":"1a87411e9dce4ac29345cbe007e782925bf8f8ab"}
,"C:\\Users\\User\\Desktop\\DECI_Projects\\moussa\\Deci_project L4 S2\\controller\\categoryController.js": {"path":"C:\\Users\\User\\Desktop\\DECI_Projects\\moussa\\Deci_project L4 S2\\controller\\categoryController.js","statementMap":{"0":{"start":{"line":1,"column":16},"end":{"line":1,"column":34}},"1":{"start":{"line":2,"column":15},"end":{"line":2,"column":31}},"2":{"start":{"line":3,"column":26},"end":{"line":3,"column":78}},"3":{"start":{"line":4,"column":27},"end":{"line":4,"column":70}},"4":{"start":{"line":5,"column":17},"end":{"line":5,"column":52}},"5":{"start":{"line":6,"column":23},"end":{"line":6,"column":60}},"6":{"start":{"line":7,"column":11},"end":{"line":7,"column":33}},"7":{"start":{"line":8,"column":17},"end":{"line":8,"column":45}},"8":{"start":{"line":10,"column":25},"end":{"line":49,"column":2}},"9":{"start":{"line":18,"column":6},"end":{"line":18,"column":15}},"10":{"start":{"line":19,"column":17},"end":{"line":19,"column":19}},"11":{"start":{"line":20,"column":2},"end":{"line":20,"column":62}},"12":{"start":{"line":20,"column":14},"end":{"line":20,"column":62}},"13":{"start":{"line":21,"column":15},"end":{"line":21,"column":48}},"14":{"start":{"line":22,"column":16},"end":{"line":22,"column":52}},"15":{"start":{"line":23,"column":15},"end":{"line":23,"column":33}},"16":{"start":{"line":24,"column":24},"end":{"line":24,"column":32}},"17":{"start":{"line":25,"column":28},"end":{"line":25,"column":51}},"18":{"start":{"line":26,"column":18},"end":{"line":26,"column":24}},"19":{"start":{"line":27,"column":20},"end":{"line":27,"column":77}},"20":{"start":{"line":28,"column":20},"end":{"line":28,"column":44}},"21":{"start":{"line":29,"column":2},"end":{"line":36,"column":3}},"22":{"start":{"line":30,"column":22},"end":{"line":33,"column":47}},"23":{"start":{"line":32,"column":18},"end":{"line":32,"column":26}},"24":{"start":{"line":33,"column":21},"end":{"line":33,"column":46}},"25":{"start":{"line":35,"column":4},"end":{"line":35,"column":62}},"26":{"start":{"line":35,"column":30},"end":{"line":35,"column":62}},"27":{"start":{"line":38,"column":25},"end":{"line":47,"column":4}},"28":{"start":{"line":48,"column":2},"end":{"line":48,"column":59}},"29":{"start":{"line":51,"column":24},"end":{"line":58,"column":2}},"30":{"start":{"line":52,"column":13},"end":{"line":52,"column":26}},"31":{"start":{"line":53,"column":22},"end":{"line":53,"column":49}},"32":{"start":{"line":54,"column":2},"end":{"line":56,"column":3}},"33":{"start":{"line":55,"column":4},"end":{"line":55,"column":57}},"34":{"start":{"line":57,"column":2},"end":{"line":57,"column":56}},"35":{"start":{"line":60,"column":23},"end":{"line":64,"column":2}},"36":{"start":{"line":61,"column":32},"end":{"line":61,"column":40}},"37":{"start":{"line":62,"column":21},"end":{"line":62,"column":65}},"38":{"start":{"line":63,"column":2},"end":{"line":63,"column":59}},"39":{"start":{"line":66,"column":23},"end":{"line":77,"column":2}},"40":{"start":{"line":67,"column":32},"end":{"line":67,"column":40}},"41":{"start":{"line":68,"column":13},"end":{"line":68,"column":23}},"42":{"start":{"line":69,"column":19},"end":{"line":69,"column":46}},"43":{"start":{"line":70,"column":2},"end":{"line":72,"column":3}},"44":{"start":{"line":71,"column":4},"end":{"line":71,"column":54}},"45":{"start":{"line":73,"column":2},"end":{"line":73,"column":36}},"46":{"start":{"line":74,"column":2},"end":{"line":74,"column":24}},"47":{"start":{"line":75,"column":2},"end":{"line":75,"column":32}},"48":{"start":{"line":76,"column":2},"end":{"line":76,"column":60}},"49":{"start":{"line":79,"column":23},"end":{"line":87,"column":2}},"50":{"start":{"line":80,"column":17},"end":{"line":80,"column":27}},"51":{"start":{"line":81,"column":19},"end":{"line":81,"column":46}},"52":{"start":{"line":82,"column":2},"end":{"line":84,"column":3}},"53":{"start":{"line":83,"column":4},"end":{"line":83,"column":59}},"54":{"start":{"line":85,"column":2},"end":{"line":85,"column":26}},"55":{"start":{"line":86,"column":2},"end":{"line":86,"column":62}},"56":{"start":{"line":89,"column":0},"end":{"line":95,"column":2}}},"fnMap":{"0":{"name":"(anonymous_0)","decl":{"start":{"line":10,"column":40},"end":{"line":10,"column":41}},"loc":{"start":{"line":10,"column":66},"end":{"line":49,"column":1}},"line":10},"1":{"name":"(anonymous_1)","decl":{"start":{"line":32,"column":11},"end":{"line":32,"column":12}},"loc":{"start":{"line":32,"column":18},"end":{"line":32,"column":26}},"line":32},"2":{"name":"(anonymous_2)","decl":{"start":{"line":33,"column":14},"end":{"line":33,"column":15}},"loc":{"start":{"line":33,"column":21},"end":{"line":33,"column":46}},"line":33},"3":{"name":"(anonymous_3)","decl":{"start":{"line":51,"column":39},"end":{"line":51,"column":40}},"loc":{"start":{"line":51,"column":65},"end":{"line":58,"column":1}},"line":51},"4":{"name":"(anonymous_4)","decl":{"start":{"line":60,"column":38},"end":{"line":60,"column":39}},"loc":{"start":{"line":60,"column":64},"end":{"line":64,"column":1}},"line":60},"5":{"name":"(anonymous_5)","decl":{"start":{"line":66,"column":38},"end":{"line":66,"column":39}},"loc":{"start":{"line":66,"column":64},"end":{"line":77,"column":1}},"line":66},"6":{"name":"(anonymous_6)","decl":{"start":{"line":79,"column":38},"end":{"line":79,"column":39}},"loc":{"start":{"line":79,"column":64},"end":{"line":87,"column":1}},"line":79}},"branchMap":{"0":{"loc":{"start":{"line":20,"column":2},"end":{"line":20,"column":62}},"type":"if","locations":[{"start":{"line":20,"column":2},"end":{"line":20,"column":62}},{"start":{},"end":{}}],"line":20},"1":{"loc":{"start":{"line":21,"column":27},"end":{"line":21,"column":47}},"type":"binary-expr","locations":[{"start":{"line":21,"column":27},"end":{"line":21,"column":42}},{"start":{"line":21,"column":46},"end":{"line":21,"column":47}}],"line":21},"2":{"loc":{"start":{"line":22,"column":29},"end":{"line":22,"column":51}},"type":"binary-expr","locations":[{"start":{"line":22,"column":29},"end":{"line":22,"column":45}},{"start":{"line":22,"column":49},"end":{"line":22,"column":51}}],"line":22},"3":{"loc":{"start":{"line":27,"column":20},"end":{"line":27,"column":77}},"type":"cond-expr","locations":[{"start":{"line":27,"column":57},"end":{"line":27,"column":63}},{"start":{"line":27,"column":66},"end":{"line":27,"column":77}}],"line":27},"4":{"loc":{"start":{"line":28,"column":20},"end":{"line":28,"column":44}},"type":"cond-expr","locations":[{"start":{"line":28,"column":38},"end":{"line":28,"column":39}},{"start":{"line":28,"column":42},"end":{"line":28,"column":44}}],"line":28},"5":{"loc":{"start":{"line":29,"column":2},"end":{"line":36,"column":3}},"type":"if","locations":[{"start":{"line":29,"column":2},"end":{"line":36,"column":3}},{"start":{},"end":{}}],"line":29},"6":{"loc":{"start":{"line":35,"column":4},"end":{"line":35,"column":62}},"type":"if","locations":[{"start":{"line":35,"column":4},"end":{"line":35,"column":62}},{"start":{},"end":{}}],"line":35},"7":{"loc":{"start":{"line":54,"column":2},"end":{"line":56,"column":3}},"type":"if","locations":[{"start":{"line":54,"column":2},"end":{"line":56,"column":3}},{"start":{},"end":{}}],"line":54},"8":{"loc":{"start":{"line":70,"column":2},"end":{"line":72,"column":3}},"type":"if","locations":[{"start":{"line":70,"column":2},"end":{"line":72,"column":3}},{"start":{},"end":{}}],"line":70},"9":{"loc":{"start":{"line":82,"column":2},"end":{"line":84,"column":3}},"type":"if","locations":[{"start":{"line":82,"column":2},"end":{"line":84,"column":3}},{"start":{},"end":{}}],"line":82}},"s":{"0":2,"1":2,"2":2,"3":2,"4":2,"5":2,"6":2,"7":2,"8":2,"9":3,"10":3,"11":3,"12":0,"13":3,"14":3,"15":3,"16":3,"17":3,"18":3,"19":3,"20":3,"21":3,"22":0,"23":0,"24":0,"25":0,"26":0,"27":3,"28":3,"29":2,"30":2,"31":2,"32":0,"33":0,"34":0,"35":2,"36":7,"37":7,"38":5,"39":2,"40":2,"41":2,"42":2,"43":0,"44":0,"45":0,"46":0,"47":0,"48":0,"49":2,"50":2,"51":2,"52":0,"53":0,"54":0,"55":0,"56":2},"f":{"0":3,"1":0,"2":0,"3":2,"4":7,"5":2,"6":2},"b":{"0":[0,3],"1":[3,3],"2":[3,3],"3":[0,3],"4":[0,3],"5":[0,3],"6":[0,0],"7":[0,0],"8":[0,0],"9":[0,0]},"_coverageSchema":"1a1c01bbd47fc00a2c39e90264f33305004495a9","hash":"86a11f9614b4af1b8f74ed1b641d013ba6e7839f"}
,"C:\\Users\\User\\Desktop\\DECI_Projects\\moussa\\Deci_project L4 S2\\controller\\eventController.js": {"path":"C:\\Users\\User\\Desktop\\DECI_Projects\\moussa\\Deci_project L4 S2\\controller\\eventController.js","statementMap":{"0":{"start":{"line":1,"column":16},"end":{"line":1,"column":34}},"1":{"start":{"line":2,"column":15},"end":{"line":2,"column":31}},"2":{"start":{"line":3,"column":14},"end":{"line":3,"column":47}},"3":{"start":{"line":4,"column":21},"end":{"line":4,"column":58}},"4":{"start":{"line":5,"column":23},"end":{"line":5,"column":72}},"5":{"start":{"line":6,"column":11},"end":{"line":6,"column":33}},"6":{"start":{"line":7,"column":17},"end":{"line":7,"column":45}},"7":{"start":{"line":9,"column":20},"end":{"line":22,"column":2}},"8":{"start":{"line":10,"column":68},"end":{"line":10,"column":76}},"9":{"start":{"line":12,"column":19},"end":{"line":19,"column":4}},"10":{"start":{"line":21,"column":2},"end":{"line":21,"column":57}},"11":{"start":{"line":24,"column":21},"end":{"line":84,"column":2}},"12":{"start":{"line":33,"column":6},"end":{"line":33,"column":15}},"13":{"start":{"line":34,"column":17},"end":{"line":34,"column":19}},"14":{"start":{"line":36,"column":2},"end":{"line":36,"column":43}},"15":{"start":{"line":36,"column":16},"end":{"line":36,"column":43}},"16":{"start":{"line":37,"column":2},"end":{"line":37,"column":62}},"17":{"start":{"line":37,"column":14},"end":{"line":37,"column":62}},"18":{"start":{"line":39,"column":15},"end":{"line":39,"column":48}},"19":{"start":{"line":40,"column":16},"end":{"line":40,"column":52}},"20":{"start":{"line":41,"column":15},"end":{"line":41,"column":33}},"21":{"start":{"line":43,"column":24},"end":{"line":43,"column":77}},"22":{"start":{"line":44,"column":28},"end":{"line":50,"column":3}},"23":{"start":{"line":51,"column":18},"end":{"line":51,"column":24}},"24":{"start":{"line":52,"column":20},"end":{"line":52,"column":77}},"25":{"start":{"line":53,"column":20},"end":{"line":53,"column":44}},"26":{"start":{"line":55,"column":2},"end":{"line":62,"column":3}},"27":{"start":{"line":56,"column":22},"end":{"line":59,"column":47}},"28":{"start":{"line":58,"column":18},"end":{"line":58,"column":26}},"29":{"start":{"line":59,"column":21},"end":{"line":59,"column":46}},"30":{"start":{"line":61,"column":4},"end":{"line":61,"column":62}},"31":{"start":{"line":61,"column":30},"end":{"line":61,"column":62}},"32":{"start":{"line":64,"column":29},"end":{"line":73,"column":4}},"33":{"start":{"line":75,"column":2},"end":{"line":83,"column":5}},"34":{"start":{"line":86,"column":21},"end":{"line":93,"column":2}},"35":{"start":{"line":87,"column":17},"end":{"line":87,"column":27}},"36":{"start":{"line":88,"column":20},"end":{"line":88,"column":65}},"37":{"start":{"line":89,"column":2},"end":{"line":91,"column":3}},"38":{"start":{"line":90,"column":4},"end":{"line":90,"column":54}},"39":{"start":{"line":92,"column":2},"end":{"line":92,"column":43}},"40":{"start":{"line":95,"column":18},"end":{"line":104,"column":2}},"41":{"start":{"line":96,"column":17},"end":{"line":96,"column":27}},"42":{"start":{"line":97,"column":19},"end":{"line":97,"column":43}},"43":{"start":{"line":98,"column":2},"end":{"line":100,"column":3}},"44":{"start":{"line":99,"column":4},"end":{"line":99,"column":54}},"45":{"start":{"line":101,"column":2},"end":{"line":101,"column":36}},"46":{"start":{"line":102,"column":2},"end":{"line":102,"column":24}},"47":{"start":{"line":103,"column":2},"end":{"line":103,"column":58}},"48":{"start":{"line":106,"column":24},"end":{"line":113,"column":2}},"49":{"start":{"line":107,"column":17},"end":{"line":107,"column":27}},"50":{"start":{"line":108,"column":23},"end":{"line":108,"column":56}},"51":{"start":{"line":109,"column":2},"end":{"line":111,"column":3}},"52":{"start":{"line":110,"column":4},"end":{"line":110,"column":54}},"53":{"start":{"line":112,"column":2},"end":{"line":112,"column":60}},"54":{"start":{"line":114,"column":0},"end":{"line":114,"column":27}},"55":{"start":{"line":116,"column":0},"end":{"line":122,"column":2}}},"fnMap":{"0":{"name":"(anonymous_0)","decl":{"start":{"line":9,"column":33},"end":{"line":9,"column":34}},"loc":{"start":{"line":9,"column":59},"end":{"line":22,"column":1}},"line":9},"1":{"name":"(anonymous_1)","decl":{"start":{"line":24,"column":34},"end":{"line":24,"column":35}},"loc":{"start":{"line":24,"column":60},"end":{"line":84,"column":1}},"line":24},"2":{"name":"(anonymous_2)","decl":{"start":{"line":58,"column":11},"end":{"line":58,"column":12}},"loc":{"start":{"line":58,"column":18},"end":{"line":58,"column":26}},"line":58},"3":{"name":"(anonymous_3)","decl":{"start":{"line":59,"column":14},"end":{"line":59,"column":15}},"loc":{"start":{"line":59,"column":21},"end":{"line":59,"column":46}},"line":59},"4":{"name":"(anonymous_4)","decl":{"start":{"line":86,"column":34},"end":{"line":86,"column":35}},"loc":{"start":{"line":86,"column":60},"end":{"line":93,"column":1}},"line":86},"5":{"name":"(anonymous_5)","decl":{"start":{"line":95,"column":31},"end":{"line":95,"column":32}},"loc":{"start":{"line":95,"column":57},"end":{"line":104,"column":1}},"line":95},"6":{"name":"(anonymous_6)","decl":{"start":{"line":106,"column":37},"end":{"line":106,"column":38}},"loc":{"start":{"line":106,"column":63},"end":{"line":113,"column":1}},"line":106}},"branchMap":{"0":{"loc":{"start":{"line":36,"column":2},"end":{"line":36,"column":43}},"type":"if","locations":[{"start":{"line":36,"column":2},"end":{"line":36,"column":43}},{"start":{},"end":{}}],"line":36},"1":{"loc":{"start":{"line":37,"column":2},"end":{"line":37,"column":62}},"type":"if","locations":[{"start":{"line":37,"column":2},"end":{"line":37,"column":62}},{"start":{},"end":{}}],"line":37},"2":{"loc":{"start":{"line":39,"column":27},"end":{"line":39,"column":47}},"type":"binary-expr","locations":[{"start":{"line":39,"column":27},"end":{"line":39,"column":42}},{"start":{"line":39,"column":46},"end":{"line":39,"column":47}}],"line":39},"3":{"loc":{"start":{"line":40,"column":29},"end":{"line":40,"column":51}},"type":"binary-expr","locations":[{"start":{"line":40,"column":29},"end":{"line":40,"column":45}},{"start":{"line":40,"column":49},"end":{"line":40,"column":51}}],"line":40},"4":{"loc":{"start":{"line":52,"column":20},"end":{"line":52,"column":77}},"type":"cond-expr","locations":[{"start":{"line":52,"column":57},"end":{"line":52,"column":63}},{"start":{"line":52,"column":66},"end":{"line":52,"column":77}}],"line":52},"5":{"loc":{"start":{"line":53,"column":20},"end":{"line":53,"column":44}},"type":"cond-expr","locations":[{"start":{"line":53,"column":38},"end":{"line":53,"column":39}},{"start":{"line":53,"column":42},"end":{"line":53,"column":44}}],"line":53},"6":{"loc":{"start":{"line":55,"column":2},"end":{"line":62,"column":3}},"type":"if","locations":[{"start":{"line":55,"column":2},"end":{"line":62,"column":3}},{"start":{},"end":{}}],"line":55},"7":{"loc":{"start":{"line":61,"column":4},"end":{"line":61,"column":62}},"type":"if","locations":[{"start":{"line":61,"column":4},"end":{"line":61,"column":62}},{"start":{},"end":{}}],"line":61},"8":{"loc":{"start":{"line":89,"column":2},"end":{"line":91,"column":3}},"type":"if","locations":[{"start":{"line":89,"column":2},"end":{"line":91,"column":3}},{"start":{},"end":{}}],"line":89},"9":{"loc":{"start":{"line":98,"column":2},"end":{"line":100,"column":3}},"type":"if","locations":[{"start":{"line":98,"column":2},"end":{"line":100,"column":3}},{"start":{},"end":{}}],"line":98},"10":{"loc":{"start":{"line":109,"column":2},"end":{"line":111,"column":3}},"type":"if","locations":[{"start":{"line":109,"column":2},"end":{"line":111,"column":3}},{"start":{},"end":{}}],"line":109}},"s":{"0":2,"1":2,"2":2,"3":2,"4":2,"5":2,"6":2,"7":2,"8":0,"9":0,"10":0,"11":2,"12":0,"13":0,"14":0,"15":0,"16":0,"17":0,"18":0,"19":0,"20":0,"21":0,"22":0,"23":0,"24":0,"25":0,"26":0,"27":0,"28":0,"29":0,"30":0,"31":0,"32":0,"33":0,"34":2,"35":0,"36":0,"37":0,"38":0,"39":0,"40":2,"41":0,"42":0,"43":0,"44":0,"45":0,"46":0,"47":0,"48":2,"49":0,"50":0,"51":0,"52":0,"53":0,"54":2,"55":2},"f":{"0":0,"1":0,"2":0,"3":0,"4":0,"5":0,"6":0},"b":{"0":[0,0],"1":[0,0],"2":[0,0],"3":[0,0],"4":[0,0],"5":[0,0],"6":[0,0],"7":[0,0],"8":[0,0],"9":[0,0],"10":[0,0]},"_coverageSchema":"1a1c01bbd47fc00a2c39e90264f33305004495a9","hash":"8afb8950cca4eccd9883e8e4b60ae943959611d0"}
,"C:\\Users\\User\\Desktop\\DECI_Projects\\moussa\\Deci_project L4 S2\\controller\\loginController.js": {"path":"C:\\Users\\User\\Desktop\\DECI_Projects\\moussa\\Deci_project L4 S2\\controller\\loginController.js","statementMap":{"0":{"start":{"line":1,"column":16},"end":{"line":1,"column":34}},"1":{"start":{"line":2,"column":15},"end":{"line":2,"column":31}},"2":{"start":{"line":3,"column":15},"end":{"line":3,"column":32}},"3":{"start":{"line":4,"column":0},"end":{"line":4,"column":16}},"4":{"start":{"line":5,"column":12},"end":{"line":5,"column":35}},"5":{"start":{"line":6,"column":15},"end":{"line":6,"column":32}},"6":{"start":{"line":7,"column":13},"end":{"line":7,"column":38}},"7":{"start":{"line":8,"column":11},"end":{"line":8,"column":33}},"8":{"start":{"line":10,"column":19},"end":{"line":10,"column":41}},"9":{"start":{"line":12,"column":14},"end":{"line":58,"column":1}},"10":{"start":{"line":13,"column":2},"end":{"line":57,"column":3}},"11":{"start":{"line":14,"column":32},"end":{"line":14,"column":40}},"12":{"start":{"line":16,"column":4},"end":{"line":20,"column":5}},"13":{"start":{"line":17,"column":6},"end":{"line":19,"column":62}},"14":{"start":{"line":22,"column":17},"end":{"line":22,"column":46}},"15":{"start":{"line":24,"column":4},"end":{"line":26,"column":5}},"16":{"start":{"line":25,"column":6},"end":{"line":25,"column":76}},"17":{"start":{"line":28,"column":28},"end":{"line":28,"column":73}},"18":{"start":{"line":30,"column":4},"end":{"line":32,"column":5}},"19":{"start":{"line":31,"column":6},"end":{"line":31,"column":76}},"20":{"start":{"line":34,"column":18},"end":{"line":38,"column":5}},"21":{"start":{"line":40,"column":4},"end":{"line":40,"column":48}},"22":{"start":{"line":42,"column":4},"end":{"line":51,"column":7}},"23":{"start":{"line":53,"column":4},"end":{"line":56,"column":7}},"24":{"start":{"line":60,"column":0},"end":{"line":60,"column":24}}},"fnMap":{"0":{"name":"(anonymous_0)","decl":{"start":{"line":12,"column":14},"end":{"line":12,"column":15}},"loc":{"start":{"line":12,"column":34},"end":{"line":58,"column":1}},"line":12}},"branchMap":{"0":{"loc":{"start":{"line":16,"column":4},"end":{"line":20,"column":5}},"type":"if","locations":[{"start":{"line":16,"column":4},"end":{"line":20,"column":5}},{"start":{},"end":{}}],"line":16},"1":{"loc":{"start":{"line":16,"column":8},"end":{"line":16,"column":27}},"type":"binary-expr","locations":[{"start":{"line":16,"column":8},"end":{"line":16,"column":14}},{"start":{"line":16,"column":18},"end":{"line":16,"column":27}}],"line":16},"2":{"loc":{"start":{"line":24,"column":4},"end":{"line":26,"column":5}},"type":"if","locations":[{"start":{"line":24,"column":4},"end":{"line":26,"column":5}},{"start":{},"end":{}}],"line":24},"3":{"loc":{"start":{"line":30,"column":4},"end":{"line":32,"column":5}},"type":"if","locations":[{"start":{"line":30,"column":4},"end":{"line":32,"column":5}},{"start":{},"end":{}}],"line":30}},"s":{"0":2,"1":2,"2":2,"3":2,"4":2,"5":2,"6":2,"7":2,"8":2,"9":2,"10":0,"11":0,"12":0,"13":0,"14":0,"15":0,"16":0,"17":0,"18":0,"19":0,"20":0,"21":0,"22":0,"23":0,"24":2},"f":{"0":0},"b":{"0":[0,0],"1":[0,0],"2":[0,0],"3":[0,0]},"_coverageSchema":"1a1c01bbd47fc00a2c39e90264f33305004495a9","hash":"26f13b66640ae07b31ee8923e01e66444438d142"}
,"C:\\Users\\User\\Desktop\\DECI_Projects\\moussa\\Deci_project L4 S2\\controller\\messageController.js": {"path":"C:\\Users\\User\\Desktop\\DECI_Projects\\moussa\\Deci_project L4 S2\\controller\\messageController.js","statementMap":{"0":{"start":{"line":1,"column":16},"end":{"line":1,"column":51}},"1":{"start":{"line":2,"column":14},"end":{"line":2,"column":47}},"2":{"start":{"line":3,"column":21},"end":{"line":3,"column":58}},"3":{"start":{"line":4,"column":17},"end":{"line":4,"column":45}},"4":{"start":{"line":5,"column":11},"end":{"line":5,"column":33}},"5":{"start":{"line":6,"column":11},"end":{"line":6,"column":31}},"6":{"start":{"line":8,"column":27},"end":{"line":38,"column":2}},"7":{"start":{"line":9,"column":19},"end":{"line":9,"column":48}},"8":{"start":{"line":10,"column":31},"end":{"line":10,"column":39}},"9":{"start":{"line":12,"column":2},"end":{"line":14,"column":3}},"10":{"start":{"line":13,"column":4},"end":{"line":13,"column":51}},"11":{"start":{"line":16,"column":16},"end":{"line":16,"column":45}},"12":{"start":{"line":17,"column":2},"end":{"line":19,"column":3}},"13":{"start":{"line":18,"column":4},"end":{"line":18,"column":54}},"14":{"start":{"line":21,"column":18},"end":{"line":25,"column":4}},"15":{"start":{"line":28,"column":2},"end":{"line":35,"column":3}},"16":{"start":{"line":29,"column":4},"end":{"line":34,"column":7}},"17":{"start":{"line":37,"column":2},"end":{"line":37,"column":64}},"18":{"start":{"line":40,"column":27},"end":{"line":58,"column":2}},"19":{"start":{"line":41,"column":21},"end":{"line":41,"column":50}},"20":{"start":{"line":42,"column":22},"end":{"line":42,"column":32}},"21":{"start":{"line":44,"column":2},"end":{"line":46,"column":3}},"22":{"start":{"line":45,"column":4},"end":{"line":45,"column":51}},"23":{"start":{"line":48,"column":16},"end":{"line":48,"column":45}},"24":{"start":{"line":49,"column":2},"end":{"line":51,"column":3}},"25":{"start":{"line":50,"column":4},"end":{"line":50,"column":54}},"26":{"start":{"line":53,"column":19},"end":{"line":55,"column":27}},"27":{"start":{"line":57,"column":2},"end":{"line":57,"column":73}},"28":{"start":{"line":60,"column":0},"end":{"line":63,"column":2}}},"fnMap":{"0":{"name":"(anonymous_0)","decl":{"start":{"line":8,"column":40},"end":{"line":8,"column":41}},"loc":{"start":{"line":8,"column":66},"end":{"line":38,"column":1}},"line":8},"1":{"name":"(anonymous_1)","decl":{"start":{"line":40,"column":40},"end":{"line":40,"column":41}},"loc":{"start":{"line":40,"column":66},"end":{"line":58,"column":1}},"line":40}},"branchMap":{"0":{"loc":{"start":{"line":9,"column":19},"end":{"line":9,"column":48}},"type":"binary-expr","locations":[{"start":{"line":9,"column":19},"end":{"line":9,"column":31}},{"start":{"line":9,"column":35},"end":{"line":9,"column":48}}],"line":9},"1":{"loc":{"start":{"line":12,"column":2},"end":{"line":14,"column":3}},"type":"if","locations":[{"start":{"line":12,"column":2},"end":{"line":14,"column":3}},{"start":{},"end":{}}],"line":12},"2":{"loc":{"start":{"line":17,"column":2},"end":{"line":19,"column":3}},"type":"if","locations":[{"start":{"line":17,"column":2},"end":{"line":19,"column":3}},{"start":{},"end":{}}],"line":17},"3":{"loc":{"start":{"line":28,"column":2},"end":{"line":35,"column":3}},"type":"if","locations":[{"start":{"line":28,"column":2},"end":{"line":35,"column":3}},{"start":{},"end":{}}],"line":28},"4":{"loc":{"start":{"line":41,"column":21},"end":{"line":41,"column":50}},"type":"binary-expr","locations":[{"start":{"line":41,"column":21},"end":{"line":41,"column":33}},{"start":{"line":41,"column":37},"end":{"line":41,"column":50}}],"line":41},"5":{"loc":{"start":{"line":44,"column":2},"end":{"line":46,"column":3}},"type":"if","locations":[{"start":{"line":44,"column":2},"end":{"line":46,"column":3}},{"start":{},"end":{}}],"line":44},"6":{"loc":{"start":{"line":49,"column":2},"end":{"line":51,"column":3}},"type":"if","locations":[{"start":{"line":49,"column":2},"end":{"line":51,"column":3}},{"start":{},"end":{}}],"line":49}},"s":{"0":2,"1":2,"2":2,"3":2,"4":2,"5":2,"6":2,"7":0,"8":0,"9":0,"10":0,"11":0,"12":0,"13":0,"14":0,"15":0,"16":0,"17":0,"18":2,"19":0,"20":0,"21":0,"22":0,"23":0,"24":0,"25":0,"26":0,"27":0,"28":2},"f":{"0":0,"1":0},"b":{"0":[0,0],"1":[0,0],"2":[0,0],"3":[0,0],"4":[0,0],"5":[0,0],"6":[0,0]},"_coverageSchema":"1a1c01bbd47fc00a2c39e90264f33305004495a9","hash":"77d1f9a002528d6655cf698974befec3a950a318"}
,"C:\\Users\\User\\Desktop\\DECI_Projects\\moussa\\Deci_project L4 S2\\controller\\signUpController.js": {"path":"C:\\Users\\User\\Desktop\\DECI_Projects\\moussa\\Deci_project L4 S2\\controller\\signUpController.js","statementMap":{"0":{"start":{"line":1,"column":16},"end":{"line":1,"column":34}},"1":{"start":{"line":2,"column":15},"end":{"line":2,"column":31}},"2":{"start":{"line":3,"column":22},"end":{"line":3,"column":70}},"3":{"start":{"line":4,"column":13},"end":{"line":4,"column":38}},"4":{"start":{"line":5,"column":21},"end":{"line":5,"column":58}},"5":{"start":{"line":6,"column":17},"end":{"line":6,"column":45}},"6":{"start":{"line":7,"column":11},"end":{"line":7,"column":33}},"7":{"start":{"line":9,"column":0},"end":{"line":9,"column":26}},"8":{"start":{"line":11,"column":15},"end":{"line":25,"column":2}},"9":{"start":{"line":12,"column":42},"end":{"line":12,"column":56}},"10":{"start":{"line":14,"column":2},"end":{"line":18,"column":3}},"11":{"start":{"line":15,"column":4},"end":{"line":17,"column":6}},"12":{"start":{"line":21,"column":15},"end":{"line":21,"column":56}},"13":{"start":{"line":22,"column":2},"end":{"line":22,"column":20}},"14":{"start":{"line":24,"column":2},"end":{"line":24,"column":68}},"15":{"start":{"line":27,"column":0},"end":{"line":27,"column":24}}},"fnMap":{"0":{"name":"(anonymous_0)","decl":{"start":{"line":11,"column":28},"end":{"line":11,"column":29}},"loc":{"start":{"line":11,"column":54},"end":{"line":25,"column":1}},"line":11}},"branchMap":{"0":{"loc":{"start":{"line":12,"column":42},"end":{"line":12,"column":56}},"type":"binary-expr","locations":[{"start":{"line":12,"column":42},"end":{"line":12,"column":50}},{"start":{"line":12,"column":54},"end":{"line":12,"column":56}}],"line":12},"1":{"loc":{"start":{"line":14,"column":2},"end":{"line":18,"column":3}},"type":"if","locations":[{"start":{"line":14,"column":2},"end":{"line":18,"column":3}},{"start":{},"end":{}}],"line":14},"2":{"loc":{"start":{"line":14,"column":6},"end":{"line":14,"column":34}},"type":"binary-expr","locations":[{"start":{"line":14,"column":6},"end":{"line":14,"column":11}},{"start":{"line":14,"column":15},"end":{"line":14,"column":21}},{"start":{"line":14,"column":25},"end":{"line":14,"column":34}}],"line":14}},"s":{"0":2,"1":2,"2":2,"3":2,"4":2,"5":2,"6":2,"7":2,"8":2,"9":0,"10":0,"11":0,"12":0,"13":0,"14":0,"15":2},"f":{"0":0},"b":{"0":[0,0],"1":[0,0],"2":[0,0,0]},"_coverageSchema":"1a1c01bbd47fc00a2c39e90264f33305004495a9","hash":"aacb980f593096ac042a79cc32d1389a0d814581"}
,"C:\\Users\\User\\Desktop\\DECI_Projects\\moussa\\Deci_project L4 S2\\controller\\usersController.js": {"path":"C:\\Users\\User\\Desktop\\DECI_Projects\\moussa\\Deci_project L4 S2\\controller\\usersController.js","statementMap":{"0":{"start":{"line":1,"column":16},"end":{"line":1,"column":34}},"1":{"start":{"line":2,"column":12},"end":{"line":2,"column":21}},"2":{"start":{"line":3,"column":13},"end":{"line":3,"column":38}},"3":{"start":{"line":4,"column":11},"end":{"line":4,"column":33}},"4":{"start":{"line":5,"column":21},"end":{"line":5,"column":58}},"5":{"start":{"line":6,"column":17},"end":{"line":6,"column":45}},"6":{"start":{"line":7,"column":22},"end":{"line":7,"column":70}},"7":{"start":{"line":9,"column":0},"end":{"line":9,"column":23}},"8":{"start":{"line":10,"column":0},"end":{"line":10,"column":22}},"9":{"start":{"line":11,"column":20},"end":{"line":14,"column":2}},"10":{"start":{"line":12,"column":16},"end":{"line":12,"column":35}},"11":{"start":{"line":13,"column":4},"end":{"line":13,"column":40}},"12":{"start":{"line":16,"column":20},"end":{"line":22,"column":2}},"13":{"start":{"line":17,"column":15},"end":{"line":17,"column":49}},"14":{"start":{"line":18,"column":2},"end":{"line":20,"column":3}},"15":{"start":{"line":19,"column":4},"end":{"line":19,"column":46}},"16":{"start":{"line":21,"column":1},"end":{"line":21,"column":29}},"17":{"start":{"line":25,"column":19},"end":{"line":40,"column":2}},"18":{"start":{"line":26,"column":15},"end":{"line":26,"column":49}},"19":{"start":{"line":27,"column":2},"end":{"line":29,"column":3}},"20":{"start":{"line":28,"column":4},"end":{"line":28,"column":46}},"21":{"start":{"line":31,"column":42},"end":{"line":31,"column":56}},"22":{"start":{"line":33,"column":2},"end":{"line":33,"column":43}},"23":{"start":{"line":33,"column":26},"end":{"line":33,"column":43}},"24":{"start":{"line":34,"column":2},"end":{"line":34,"column":46}},"25":{"start":{"line":34,"column":27},"end":{"line":34,"column":46}},"26":{"start":{"line":35,"column":2},"end":{"line":35,"column":55}},"27":{"start":{"line":35,"column":30},"end":{"line":35,"column":55}},"28":{"start":{"line":36,"column":2},"end":{"line":36,"column":43}},"29":{"start":{"line":36,"column":26},"end":{"line":36,"column":43}},"30":{"start":{"line":38,"column":2},"end":{"line":38,"column":20}},"31":{"start":{"line":39,"column":2},"end":{"line":39,"column":57}},"32":{"start":{"line":42,"column":19},"end":{"line":49,"column":2}},"33":{"start":{"line":43,"column":15},"end":{"line":43,"column":49}},"34":{"start":{"line":44,"column":2},"end":{"line":46,"column":3}},"35":{"start":{"line":45,"column":4},"end":{"line":45,"column":46}},"36":{"start":{"line":47,"column":2},"end":{"line":47,"column":25}},"37":{"start":{"line":48,"column":1},"end":{"line":48,"column":56}},"38":{"start":{"line":51,"column":0},"end":{"line":56,"column":2}}},"fnMap":{"0":{"name":"(anonymous_0)","decl":{"start":{"line":11,"column":33},"end":{"line":11,"column":34}},"loc":{"start":{"line":11,"column":59},"end":{"line":14,"column":1}},"line":11},"1":{"name":"(anonymous_1)","decl":{"start":{"line":16,"column":33},"end":{"line":16,"column":34}},"loc":{"start":{"line":16,"column":59},"end":{"line":22,"column":1}},"line":16},"2":{"name":"(anonymous_2)","decl":{"start":{"line":25,"column":32},"end":{"line":25,"column":33}},"loc":{"start":{"line":25,"column":58},"end":{"line":40,"column":1}},"line":25},"3":{"name":"(anonymous_3)","decl":{"start":{"line":42,"column":32},"end":{"line":42,"column":33}},"loc":{"start":{"line":42,"column":58},"end":{"line":49,"column":1}},"line":42}},"branchMap":{"0":{"loc":{"start":{"line":18,"column":2},"end":{"line":20,"column":3}},"type":"if","locations":[{"start":{"line":18,"column":2},"end":{"line":20,"column":3}},{"start":{},"end":{}}],"line":18},"1":{"loc":{"start":{"line":27,"column":2},"end":{"line":29,"column":3}},"type":"if","locations":[{"start":{"line":27,"column":2},"end":{"line":29,"column":3}},{"start":{},"end":{}}],"line":27},"2":{"loc":{"start":{"line":31,"column":42},"end":{"line":31,"column":56}},"type":"binary-expr","locations":[{"start":{"line":31,"column":42},"end":{"line":31,"column":50}},{"start":{"line":31,"column":54},"end":{"line":31,"column":56}}],"line":31},"3":{"loc":{"start":{"line":33,"column":2},"end":{"line":33,"column":43}},"type":"if","locations":[{"start":{"line":33,"column":2},"end":{"line":33,"column":43}},{"start":{},"end":{}}],"line":33},"4":{"loc":{"start":{"line":34,"column":2},"end":{"line":34,"column":46}},"type":"if","locations":[{"start":{"line":34,"column":2},"end":{"line":34,"column":46}},{"start":{},"end":{}}],"line":34},"5":{"loc":{"start":{"line":35,"column":2},"end":{"line":35,"column":55}},"type":"if","locations":[{"start":{"line":35,"column":2},"end":{"line":35,"column":55}},{"start":{},"end":{}}],"line":35},"6":{"loc":{"start":{"line":36,"column":2},"end":{"line":36,"column":43}},"type":"if","locations":[{"start":{"line":36,"column":2},"end":{"line":36,"column":43}},{"start":{},"end":{}}],"line":36},"7":{"loc":{"start":{"line":44,"column":2},"end":{"line":46,"column":3}},"type":"if","locations":[{"start":{"line":44,"column":2},"end":{"line":46,"column":3}},{"start":{},"end":{}}],"line":44}},"s":{"0":2,"1":2,"2":2,"3":2,"4":2,"5":2,"6":2,"7":2,"8":2,"9":2,"10":0,"11":0,"12":2,"13":0,"14":0,"15":0,"16":0,"17":2,"18":0,"19":0,"20":0,"21":0,"22":0,"23":0,"24":0,"25":0,"26":0,"27":0,"28":0,"29":0,"30":0,"31":0,"32":2,"33":0,"34":0,"35":0,"36":0,"37":0,"38":2},"f":{"0":0,"1":0,"2":0,"3":0},"b":{"0":[0,0],"1":[0,0],"2":[0,0],"3":[0,0],"4":[0,0],"5":[0,0],"6":[0,0],"7":[0,0]},"_coverageSchema":"1a1c01bbd47fc00a2c39e90264f33305004495a9","hash":"a28b73cb9bb5032ee7fddc8e3f7717f5f1ca7d2c"}
,"C:\\Users\\User\\Desktop\\DECI_Projects\\moussa\\Deci_project L4 S2\\db\\connect.js": {"path":"C:\\Users\\User\\Desktop\\DECI_Projects\\moussa\\Deci_project L4 S2\\db\\connect.js","statementMap":{"0":{"start":{"line":1,"column":17},"end":{"line":1,"column":36}},"1":{"start":{"line":3,"column":18},"end":{"line":15,"column":1}},"2":{"start":{"line":4,"column":4},"end":{"line":14,"column":5}},"3":{"start":{"line":8,"column":8},"end":{"line":8,"column":47}},"4":{"start":{"line":12,"column":8},"end":{"line":12,"column":49}},"5":{"start":{"line":13,"column":8},"end":{"line":13,"column":24}},"6":{"start":{"line":17,"column":0},"end":{"line":17,"column":27}}},"fnMap":{"0":{"name":"(anonymous_0)","decl":{"start":{"line":3,"column":18},"end":{"line":3,"column":19}},"loc":{"start":{"line":3,"column":30},"end":{"line":15,"column":1}},"line":3}},"branchMap":{"0":{"loc":{"start":{"line":4,"column":4},"end":{"line":14,"column":5}},"type":"if","locations":[{"start":{"line":4,"column":4},"end":{"line":14,"column":5}},{"start":{"line":11,"column":9},"end":{"line":14,"column":5}}],"line":4}},"s":{"0":2,"1":2,"2":2,"3":2,"4":0,"5":0,"6":2},"f":{"0":2},"b":{"0":[2,0]},"_coverageSchema":"1a1c01bbd47fc00a2c39e90264f33305004495a9","hash":"89d3b79b972a7f26c46e3d8c9bd8c4fad5eeed40"}
,"C:\\Users\\User\\Desktop\\DECI_Projects\\moussa\\Deci_project L4 S2\\middleware\\asyncHandler.js": {"path":"C:\\Users\\User\\Desktop\\DECI_Projects\\moussa\\Deci_project L4 S2\\middleware\\asyncHandler.js","statementMap":{"0":{"start":{"line":1,"column":21},"end":{"line":2,"column":49}},"1":{"start":{"line":1,"column":29},"end":{"line":2,"column":49}},"2":{"start":{"line":2,"column":2},"end":{"line":2,"column":49}},"3":{"start":{"line":3,"column":0},"end":{"line":3,"column":30}}},"fnMap":{"0":{"name":"(anonymous_0)","decl":{"start":{"line":1,"column":21},"end":{"line":1,"column":22}},"loc":{"start":{"line":1,"column":29},"end":{"line":2,"column":49}},"line":1},"1":{"name":"(anonymous_1)","decl":{"start":{"line":1,"column":29},"end":{"line":1,"column":30}},"loc":{"start":{"line":2,"column":2},"end":{"line":2,"column":49}},"line":2}},"branchMap":{},"s":{"0":3,"1":36,"2":18,"3":3},"f":{"0":36,"1":18},"b":{},"_coverageSchema":"1a1c01bbd47fc00a2c39e90264f33305004495a9","hash":"f35752c37b9cf831754795a3fdb77a87b15b8a59"}
,"C:\\Users\\User\\Desktop\\DECI_Projects\\moussa\\Deci_project L4 S2\\middleware\\requireAuth.js": {"path":"C:\\Users\\User\\Desktop\\DECI_Projects\\moussa\\Deci_project L4 S2\\middleware\\requireAuth.js","statementMap":{"0":{"start":{"line":1,"column":12},"end":{"line":1,"column":35}},"1":{"start":{"line":2,"column":20},"end":{"line":20,"column":1}},"2":{"start":{"line":3,"column":21},"end":{"line":3,"column":46}},"3":{"start":{"line":5,"column":2},"end":{"line":7,"column":3}},"4":{"start":{"line":6,"column":4},"end":{"line":6,"column":80}},"5":{"start":{"line":9,"column":16},"end":{"line":9,"column":40}},"6":{"start":{"line":11,"column":2},"end":{"line":19,"column":3}},"7":{"start":{"line":12,"column":20},"end":{"line":12,"column":61}},"8":{"start":{"line":13,"column":4},"end":{"line":13,"column":23}},"9":{"start":{"line":14,"column":4},"end":{"line":14,"column":11}},"10":{"start":{"line":16,"column":4},"end":{"line":18,"column":67}},"11":{"start":{"line":22,"column":0},"end":{"line":22,"column":30}}},"fnMap":{"0":{"name":"(anonymous_0)","decl":{"start":{"line":2,"column":20},"end":{"line":2,"column":21}},"loc":{"start":{"line":2,"column":40},"end":{"line":20,"column":1}},"line":2}},"branchMap":{"0":{"loc":{"start":{"line":5,"column":2},"end":{"line":7,"column":3}},"type":"if","locations":[{"start":{"line":5,"column":2},"end":{"line":7,"column":3}},{"start":{},"end":{}}],"line":5},"1":{"loc":{"start":{"line":5,"column":6},"end":{"line":5,"column":54}},"type":"binary-expr","locations":[{"start":{"line":5,"column":6},"end":{"line":5,"column":17}},{"start":{"line":5,"column":21},"end":{"line":5,"column":54}}],"line":5}},"s":{"0":2,"1":2,"2":26,"3":26,"4":3,"5":23,"6":23,"7":23,"8":23,"9":23,"10":0,"11":2},"f":{"0":26},"b":{"0":[3,23],"1":[26,23]},"_coverageSchema":"1a1c01bbd47fc00a2c39e90264f33305004495a9","hash":"f353975b52cf2fda9fef3348117e0f93fb3361b3"}
,"C:\\Users\\User\\Desktop\\DECI_Projects\\moussa\\Deci_project L4 S2\\middleware\\requireRole.js": {"path":"C:\\Users\\User\\Desktop\\DECI_Projects\\moussa\\Deci_project L4 S2\\middleware\\requireRole.js","statementMap":{"0":{"start":{"line":1,"column":20},"end":{"line":9,"column":1}},"1":{"start":{"line":1,"column":30},"end":{"line":9,"column":1}},"2":{"start":{"line":2,"column":2},"end":{"line":6,"column":3}},"3":{"start":{"line":3,"column":4},"end":{"line":5,"column":64}},"4":{"start":{"line":8,"column":2},"end":{"line":8,"column":9}},"5":{"start":{"line":11,"column":0},"end":{"line":11,"column":29}}},"fnMap":{"0":{"name":"(anonymous_0)","decl":{"start":{"line":1,"column":20},"end":{"line":1,"column":21}},"loc":{"start":{"line":1,"column":30},"end":{"line":9,"column":1}},"line":1},"1":{"name":"(anonymous_1)","decl":{"start":{"line":1,"column":30},"end":{"line":1,"column":31}},"loc":{"start":{"line":1,"column":50},"end":{"line":9,"column":1}},"line":1}},"branchMap":{"0":{"loc":{"start":{"line":2,"column":2},"end":{"line":6,"column":3}},"type":"if","locations":[{"start":{"line":2,"column":2},"end":{"line":6,"column":3}},{"start":{},"end":{}}],"line":2},"1":{"loc":{"start":{"line":2,"column":6},"end":{"line":2,"column":41}},"type":"binary-expr","locations":[{"start":{"line":2,"column":6},"end":{"line":2,"column":15}},{"start":{"line":2,"column":19},"end":{"line":2,"column":41}}],"line":2}},"s":{"0":2,"1":21,"2":11,"3":0,"4":11,"5":2},"f":{"0":21,"1":11},"b":{"0":[0,11],"1":[11,11]},"_coverageSchema":"1a1c01bbd47fc00a2c39e90264f33305004495a9","hash":"3c8659b43c3b5b8beece6b0978a147091727b70e"}
,"C:\\Users\\User\\Desktop\\DECI_Projects\\moussa\\Deci_project L4 S2\\middleware\\validator\\categoryValidator.js": {"path":"C:\\Users\\User\\Desktop\\DECI_Projects\\moussa\\Deci_project L4 S2\\middleware\\validator\\categoryValidator.js","statementMap":{"0":{"start":{"line":1,"column":13},"end":{"line":1,"column":46}},"1":{"start":{"line":3,"column":26},"end":{"line":10,"column":1}},"2":{"start":{"line":12,"column":0},"end":{"line":12,"column":35}}},"fnMap":{},"branchMap":{},"s":{"0":2,"1":2,"2":2},"f":{},"b":{},"_coverageSchema":"1a1c01bbd47fc00a2c39e90264f33305004495a9","hash":"e964cb5072f66b65ecd27f3d3d6a2b34ab4de208"}
,"C:\\Users\\User\\Desktop\\DECI_Projects\\moussa\\Deci_project L4 S2\\middleware\\validator\\eventValidator.js": {"path":"C:\\Users\\User\\Desktop\\DECI_Projects\\moussa\\Deci_project L4 S2\\middleware\\validator\\eventValidator.js","statementMap":{"0":{"start":{"line":1,"column":13},"end":{"line":1,"column":46}},"1":{"start":{"line":3,"column":0},"end":{"line":5,"column":46}},"2":{"start":{"line":6,"column":0},"end":{"line":8,"column":46}},"3":{"start":{"line":9,"column":0},"end":{"line":11,"column":50}},"4":{"start":{"line":12,"column":0},"end":{"line":14,"column":49}},"5":{"start":{"line":15,"column":0},"end":{"line":19,"column":62}},"6":{"start":{"line":20,"column":0},"end":{"line":24,"column":60}},"7":{"start":{"line":25,"column":0},"end":{"line":27,"column":42}},"8":{"start":{"line":29,"column":0},"end":{"line":29,"column":32}}},"fnMap":{},"branchMap":{},"s":{"0":2,"1":2,"2":2,"3":2,"4":2,"5":2,"6":2,"7":2,"8":2},"f":{},"b":{},"_coverageSchema":"1a1c01bbd47fc00a2c39e90264f33305004495a9","hash":"5c6c79b9122f85983ac548e2c56b66a25133e6d8"}
,"C:\\Users\\User\\Desktop\\DECI_Projects\\moussa\\Deci_project L4 S2\\middleware\\validator\\userValidator.js": {"path":"C:\\Users\\User\\Desktop\\DECI_Projects\\moussa\\Deci_project L4 S2\\middleware\\validator\\userValidator.js","statementMap":{"0":{"start":{"line":1,"column":13},"end":{"line":1,"column":46}},"1":{"start":{"line":2,"column":22},"end":{"line":15,"column":1}},"2":{"start":{"line":16,"column":0},"end":{"line":16,"column":31}}},"fnMap":{},"branchMap":{},"s":{"0":2,"1":2,"2":2},"f":{},"b":{},"_coverageSchema":"1a1c01bbd47fc00a2c39e90264f33305004495a9","hash":"959335f18ef8a8f9f88d53302f4b203060901713"}
,"C:\\Users\\User\\Desktop\\DECI_Projects\\moussa\\Deci_project L4 S2\\models\\categoryModule.js": {"path":"C:\\Users\\User\\Desktop\\DECI_Projects\\moussa\\Deci_project L4 S2\\models\\categoryModule.js","statementMap":{"0":{"start":{"line":1,"column":17},"end":{"line":1,"column":36}},"1":{"start":{"line":2,"column":23},"end":{"line":13,"column":1}},"2":{"start":{"line":15,"column":0},"end":{"line":15,"column":60}}},"fnMap":{},"branchMap":{},"s":{"0":2,"1":2,"2":2},"f":{},"b":{},"_coverageSchema":"1a1c01bbd47fc00a2c39e90264f33305004495a9","hash":"ef3794b3dbd54e5ea0d900a768056a04c3b4364d"}
,"C:\\Users\\User\\Desktop\\DECI_Projects\\moussa\\Deci_project L4 S2\\models\\eventModules.js": {"path":"C:\\Users\\User\\Desktop\\DECI_Projects\\moussa\\Deci_project L4 S2\\models\\eventModules.js","statementMap":{"0":{"start":{"line":1,"column":17},"end":{"line":1,"column":36}},"1":{"start":{"line":2,"column":20},"end":{"line":40,"column":1}},"2":{"start":{"line":41,"column":0},"end":{"line":41,"column":54}}},"fnMap":{},"branchMap":{},"s":{"0":2,"1":2,"2":2},"f":{},"b":{},"_coverageSchema":"1a1c01bbd47fc00a2c39e90264f33305004495a9","hash":"8c1af435b2c92dd505d431c07527415bff6b0831"}
,"C:\\Users\\User\\Desktop\\DECI_Projects\\moussa\\Deci_project L4 S2\\models\\massegeModules.js": {"path":"C:\\Users\\User\\Desktop\\DECI_Projects\\moussa\\Deci_project L4 S2\\models\\massegeModules.js","statementMap":{"0":{"start":{"line":1,"column":17},"end":{"line":1,"column":36}},"1":{"start":{"line":2,"column":22},"end":{"line":19,"column":1}},"2":{"start":{"line":20,"column":0},"end":{"line":20,"column":58}}},"fnMap":{},"branchMap":{},"s":{"0":2,"1":2,"2":2},"f":{},"b":{},"_coverageSchema":"1a1c01bbd47fc00a2c39e90264f33305004495a9","hash":"283acb26adb5dbc0d37ec446eefa0094d50ad7a1"}
,"C:\\Users\\User\\Desktop\\DECI_Projects\\moussa\\Deci_project L4 S2\\models\\user.js": {"path":"C:\\Users\\User\\Desktop\\DECI_Projects\\moussa\\Deci_project L4 S2\\models\\user.js","statementMap":{"0":{"start":{"line":1,"column":17},"end":{"line":1,"column":36}},"1":{"start":{"line":3,"column":19},"end":{"line":24,"column":1}},"2":{"start":{"line":26,"column":0},"end":{"line":26,"column":52}}},"fnMap":{},"branchMap":{},"s":{"0":2,"1":2,"2":2},"f":{},"b":{},"_coverageSchema":"1a1c01bbd47fc00a2c39e90264f33305004495a9","hash":"d2937c3b04f0cebc574358d098d5de1e5687a3c5"}
,"C:\\Users\\User\\Desktop\\DECI_Projects\\moussa\\Deci_project L4 S2\\routes\\categoryRoutes.js": {"path":"C:\\Users\\User\\Desktop\\DECI_Projects\\moussa\\Deci_project L4 S2\\routes\\categoryRoutes.js","statementMap":{"0":{"start":{"line":1,"column":16},"end":{"line":1,"column":34}},"1":{"start":{"line":2,"column":15},"end":{"line":2,"column":31}},"2":{"start":{"line":9,"column":4},"end":{"line":9,"column":47}},"3":{"start":{"line":10,"column":20},"end":{"line":10,"column":56}},"4":{"start":{"line":11,"column":20},"end":{"line":11,"column":56}},"5":{"start":{"line":13,"column":0},"end":{"line":13,"column":24}},"6":{"start":{"line":15,"column":0},"end":{"line":15,"column":34}},"7":{"start":{"line":16,"column":0},"end":{"line":16,"column":36}},"8":{"start":{"line":17,"column":0},"end":{"line":17,"column":53}},"9":{"start":{"line":18,"column":0},"end":{"line":18,"column":58}},"10":{"start":{"line":19,"column":0},"end":{"line":19,"column":57}},"11":{"start":{"line":21,"column":0},"end":{"line":21,"column":24}}},"fnMap":{},"branchMap":{},"s":{"0":2,"1":2,"2":2,"3":2,"4":2,"5":2,"6":2,"7":2,"8":2,"9":2,"10":2,"11":2},"f":{},"b":{},"_coverageSchema":"1a1c01bbd47fc00a2c39e90264f33305004495a9","hash":"58db5ef0add5055658acec13865ac54a11f9305d"}
,"C:\\Users\\User\\Desktop\\DECI_Projects\\moussa\\Deci_project L4 S2\\routes\\eventRoutes.js": {"path":"C:\\Users\\User\\Desktop\\DECI_Projects\\moussa\\Deci_project L4 S2\\routes\\eventRoutes.js","statementMap":{"0":{"start":{"line":1,"column":16},"end":{"line":1,"column":34}},"1":{"start":{"line":2,"column":15},"end":{"line":2,"column":31}},"2":{"start":{"line":3,"column":24},"end":{"line":3,"column":64}},"3":{"start":{"line":4,"column":20},"end":{"line":4,"column":56}},"4":{"start":{"line":5,"column":20},"end":{"line":5,"column":56}},"5":{"start":{"line":7,"column":0},"end":{"line":7,"column":24}},"6":{"start":{"line":8,"column":0},"end":{"line":8,"column":46}},"7":{"start":{"line":9,"column":0},"end":{"line":9,"column":49}},"8":{"start":{"line":10,"column":0},"end":{"line":10,"column":66}},"9":{"start":{"line":11,"column":0},"end":{"line":11,"column":67}},"10":{"start":{"line":12,"column":0},"end":{"line":12,"column":75}},"11":{"start":{"line":14,"column":0},"end":{"line":14,"column":24}}},"fnMap":{},"branchMap":{},"s":{"0":2,"1":2,"2":2,"3":2,"4":2,"5":2,"6":2,"7":2,"8":2,"9":2,"10":2,"11":2},"f":{},"b":{},"_coverageSchema":"1a1c01bbd47fc00a2c39e90264f33305004495a9","hash":"a4a65fc9fe1139742035832ef975855eaadb8f49"}
,"C:\\Users\\User\\Desktop\\DECI_Projects\\moussa\\Deci_project L4 S2\\routes\\loginRoutes.js": {"path":"C:\\Users\\User\\Desktop\\DECI_Projects\\moussa\\Deci_project L4 S2\\routes\\loginRoutes.js","statementMap":{"0":{"start":{"line":1,"column":16},"end":{"line":1,"column":34}},"1":{"start":{"line":2,"column":15},"end":{"line":2,"column":31}},"2":{"start":{"line":3,"column":14},"end":{"line":3,"column":54}},"3":{"start":{"line":6,"column":0},"end":{"line":6,"column":23}},"4":{"start":{"line":8,"column":0},"end":{"line":8,"column":24}}},"fnMap":{},"branchMap":{},"s":{"0":2,"1":2,"2":2,"3":2,"4":2},"f":{},"b":{},"_coverageSchema":"1a1c01bbd47fc00a2c39e90264f33305004495a9","hash":"1aa6802f649481beec441e584884b261743e5912"}
,"C:\\Users\\User\\Desktop\\DECI_Projects\\moussa\\Deci_project L4 S2\\routes\\messageRoutes.js": {"path":"C:\\Users\\User\\Desktop\\DECI_Projects\\moussa\\Deci_project L4 S2\\routes\\messageRoutes.js","statementMap":{"0":{"start":{"line":1,"column":16},"end":{"line":1,"column":34}},"1":{"start":{"line":2,"column":15},"end":{"line":2,"column":31}},"2":{"start":{"line":3,"column":20},"end":{"line":3,"column":56}},"3":{"start":{"line":4,"column":20},"end":{"line":4,"column":56}},"4":{"start":{"line":5,"column":26},"end":{"line":5,"column":68}},"5":{"start":{"line":7,"column":0},"end":{"line":7,"column":24}},"6":{"start":{"line":9,"column":0},"end":{"line":9,"column":62}},"7":{"start":{"line":10,"column":0},"end":{"line":10,"column":77}},"8":{"start":{"line":12,"column":0},"end":{"line":12,"column":24}}},"fnMap":{},"branchMap":{},"s":{"0":2,"1":2,"2":2,"3":2,"4":2,"5":2,"6":2,"7":2,"8":2},"f":{},"b":{},"_coverageSchema":"1a1c01bbd47fc00a2c39e90264f33305004495a9","hash":"df9fd9885858e5022f86011413e98632ffb2673e"}
,"C:\\Users\\User\\Desktop\\DECI_Projects\\moussa\\Deci_project L4 S2\\routes\\signUpRoutes.js": {"path":"C:\\Users\\User\\Desktop\\DECI_Projects\\moussa\\Deci_project L4 S2\\routes\\signUpRoutes.js","statementMap":{"0":{"start":{"line":1,"column":16},"end":{"line":1,"column":34}},"1":{"start":{"line":2,"column":15},"end":{"line":2,"column":31}},"2":{"start":{"line":3,"column":15},"end":{"line":3,"column":56}},"3":{"start":{"line":5,"column":0},"end":{"line":5,"column":25}},"4":{"start":{"line":7,"column":0},"end":{"line":7,"column":24}}},"fnMap":{},"branchMap":{},"s":{"0":2,"1":2,"2":2,"3":2,"4":2},"f":{},"b":{},"_coverageSchema":"1a1c01bbd47fc00a2c39e90264f33305004495a9","hash":"0f4dc6b0ee83d734eb956ec9d50ff5974f16673f"}
,"C:\\Users\\User\\Desktop\\DECI_Projects\\moussa\\Deci_project L4 S2\\routes\\userRoutes.js": {"path":"C:\\Users\\User\\Desktop\\DECI_Projects\\moussa\\Deci_project L4 S2\\routes\\userRoutes.js","statementMap":{"0":{"start":{"line":1,"column":16},"end":{"line":1,"column":34}},"1":{"start":{"line":2,"column":15},"end":{"line":2,"column":31}},"2":{"start":{"line":3,"column":23},"end":{"line":3,"column":63}},"3":{"start":{"line":4,"column":20},"end":{"line":4,"column":46}},"4":{"start":{"line":5,"column":20},"end":{"line":5,"column":46}},"5":{"start":{"line":6,"column":19},"end":{"line":6,"column":44}},"6":{"start":{"line":7,"column":19},"end":{"line":7,"column":44}},"7":{"start":{"line":8,"column":22},"end":{"line":8,"column":70}},"8":{"start":{"line":9,"column":20},"end":{"line":9,"column":56}},"9":{"start":{"line":10,"column":20},"end":{"line":10,"column":56}},"10":{"start":{"line":11,"column":0},"end":{"line":11,"column":27}},"11":{"start":{"line":14,"column":0},"end":{"line":14,"column":24}},"12":{"start":{"line":15,"column":0},"end":{"line":15,"column":24}},"13":{"start":{"line":16,"column":0},"end":{"line":16,"column":29}},"14":{"start":{"line":17,"column":0},"end":{"line":17,"column":32}},"15":{"start":{"line":18,"column":0},"end":{"line":18,"column":31}},"16":{"start":{"line":19,"column":0},"end":{"line":19,"column":34}},"17":{"start":{"line":20,"column":0},"end":{"line":20,"column":26}},"18":{"start":{"line":22,"column":0},"end":{"line":22,"column":24}}},"fnMap":{},"branchMap":{},"s":{"0":2,"1":2,"2":2,"3":2,"4":2,"5":2,"6":2,"7":2,"8":2,"9":2,"10":2,"11":2,"12":2,"13":2,"14":2,"15":2,"16":2,"17":2,"18":2},"f":{},"b":{},"_coverageSchema":"1a1c01bbd47fc00a2c39e90264f33305004495a9","hash":"7105da330a2cdcf5750f6373d7538c6ab5fdcc46"}
,"C:\\Users\\User\\Desktop\\DECI_Projects\\moussa\\Deci_project L4 S2\\utils\\appError.js": {"path":"C:\\Users\\User\\Desktop\\DECI_Projects\\moussa\\Deci_project L4 S2\\utils\\appError.js","statementMap":{"0":{"start":{"line":3,"column":4},"end":{"line":3,"column":19}},"1":{"start":{"line":4,"column":4},"end":{"line":4,"column":33}},"2":{"start":{"line":5,"column":4},"end":{"line":5,"column":69}},"3":{"start":{"line":6,"column":4},"end":{"line":6,"column":30}},"4":{"start":{"line":7,"column":4},"end":{"line":7,"column":52}},"5":{"start":{"line":11,"column":0},"end":{"line":11,"column":26}}},"fnMap":{"0":{"name":"(anonymous_0)","decl":{"start":{"line":2,"column":2},"end":{"line":2,"column":3}},"loc":{"start":{"line":2,"column":35},"end":{"line":8,"column":3}},"line":2}},"branchMap":{"0":{"loc":{"start":{"line":5,"column":18},"end":{"line":5,"column":68}},"type":"cond-expr","locations":[{"start":{"line":5,"column":52},"end":{"line":5,"column":58}},{"start":{"line":5,"column":61},"end":{"line":5,"column":68}}],"line":5}},"s":{"0":10,"1":10,"2":10,"3":10,"4":10,"5":3},"f":{"0":10},"b":{"0":[7,3]},"_coverageSchema":"1a1c01bbd47fc00a2c39e90264f33305004495a9","hash":"f878eaa4a81d3b46cb7935e4276bbbb080aae89e"}
,"C:\\Users\\User\\Desktop\\DECI_Projects\\moussa\\Deci_project L4 S2\\utils\\ok.js": {"path":"C:\\Users\\User\\Desktop\\DECI_Projects\\moussa\\Deci_project L4 S2\\utils\\ok.js","statementMap":{"0":{"start":{"line":1,"column":11},"end":{"line":7,"column":1}},"1":{"start":{"line":2,"column":2},"end":{"line":6,"column":5}},"2":{"start":{"line":8,"column":0},"end":{"line":8,"column":20}}},"fnMap":{"0":{"name":"(anonymous_0)","decl":{"start":{"line":1,"column":11},"end":{"line":1,"column":12}},"loc":{"start":{"line":1,"column":35},"end":{"line":7,"column":1}},"line":1}},"branchMap":{},"s":{"0":2,"1":8,"2":2},"f":{"0":8},"b":{},"_coverageSchema":"1a1c01bbd47fc00a2c39e90264f33305004495a9","hash":"2ad0b04ce7d6780254a4b619c1a59b7635f6fbed"}
}
